{"C:\\Users\\user\\Desktop\\graphiql\\graphiql\\graphiql-app\\src\\components\\documentation\\Documentation.tsx": {"path":"C:\\Users\\user\\Desktop\\graphiql\\graphiql\\graphiql-app\\src\\components\\documentation\\Documentation.tsx","statementMap":{"0":{"start":{"line":1,"column":0},"end":{"line":1,"column":48}},"1":{"start":{"line":2,"column":0},"end":{"line":2,"column":29}},"2":{"start":{"line":8,"column":46},"end":{"line":65,"column":1}},"3":{"start":{"line":9,"column":30},"end":{"line":9,"column":63}},"4":{"start":{"line":10,"column":36},"end":{"line":10,"column":51}},"5":{"start":{"line":11,"column":28},"end":{"line":11,"column":57}},"6":{"start":{"line":13,"column":2},"end":{"line":52,"column":15}},"7":{"start":{"line":14,"column":4},"end":{"line":14,"column":23}},"8":{"start":{"line":15,"column":4},"end":{"line":51,"column":5}},"9":{"start":{"line":16,"column":26},"end":{"line":49,"column":7}},"10":{"start":{"line":17,"column":8},"end":{"line":48,"column":9}},"11":{"start":{"line":18,"column":27},"end":{"line":34,"column":12}},"12":{"start":{"line":36,"column":10},"end":{"line":38,"column":11}},"13":{"start":{"line":37,"column":12},"end":{"line":37,"column":59}},"14":{"start":{"line":40,"column":35},"end":{"line":40,"column":56}},"15":{"start":{"line":41,"column":10},"end":{"line":41,"column":26}},"16":{"start":{"line":42,"column":10},"end":{"line":42,"column":25}},"17":{"start":{"line":44,"column":10},"end":{"line":44,"column":57}},"18":{"start":{"line":45,"column":10},"end":{"line":45,"column":44}},"19":{"start":{"line":47,"column":10},"end":{"line":47,"column":30}},"20":{"start":{"line":50,"column":6},"end":{"line":50,"column":20}},"21":{"start":{"line":54,"column":2},"end":{"line":64,"column":4}},"22":{"start":{"line":61,"column":10},"end":{"line":61,"column":29}},"23":{"start":{"line":66,"column":0},"end":{"line":66,"column":29}}},"fnMap":{"0":{"name":"(anonymous_0)","decl":{"start":{"line":8,"column":46},"end":{"line":8,"column":47}},"loc":{"start":{"line":8,"column":61},"end":{"line":65,"column":1}}},"1":{"name":"(anonymous_1)","decl":{"start":{"line":13,"column":12},"end":{"line":13,"column":15}},"loc":{"start":{"line":13,"column":17},"end":{"line":52,"column":3}}},"2":{"name":"(anonymous_2)","decl":{"start":{"line":16,"column":26},"end":{"line":16,"column":31}},"loc":{"start":{"line":16,"column":37},"end":{"line":49,"column":7}}},"3":{"name":"(anonymous_3)","decl":{"start":{"line":60,"column":40},"end":{"line":60,"column":41}},"loc":{"start":{"line":61,"column":10},"end":{"line":61,"column":29}}}},"branchMap":{"0":{"loc":{"start":{"line":15,"column":4},"end":{"line":51,"column":5}},"type":"if","locations":[{"start":{"line":15,"column":4},"end":{"line":51,"column":5}}]},"1":{"loc":{"start":{"line":36,"column":10},"end":{"line":38,"column":11}},"type":"if","locations":[{"start":{"line":36,"column":10},"end":{"line":38,"column":11}}]},"2":{"loc":{"start":{"line":56,"column":7},"end":{"line":56,"column":41}},"type":"binary-expr","locations":[{"start":{"line":56,"column":7},"end":{"line":56,"column":16}},{"start":{"line":56,"column":20},"end":{"line":56,"column":41}}]},"3":{"loc":{"start":{"line":57,"column":7},"end":{"line":57,"column":74}},"type":"binary-expr","locations":[{"start":{"line":57,"column":7},"end":{"line":57,"column":17}},{"start":{"line":57,"column":21},"end":{"line":57,"column":26}},{"start":{"line":57,"column":30},"end":{"line":57,"column":74}}]},"4":{"loc":{"start":{"line":58,"column":7},"end":{"line":62,"column":10}},"type":"binary-expr","locations":[{"start":{"line":58,"column":7},"end":{"line":58,"column":17}},{"start":{"line":59,"column":8},"end":{"line":59,"column":14}},{"start":{"line":60,"column":8},"end":{"line":62,"column":10}}]}},"s":{"0":2,"1":2,"2":2,"3":5,"4":5,"5":5,"6":5,"7":2,"8":2,"9":2,"10":2,"11":2,"12":1,"13":1,"14":0,"15":0,"16":0,"17":2,"18":2,"19":2,"20":2,"21":5,"22":0,"23":2},"f":{"0":5,"1":2,"2":2,"3":0},"b":{"0":[2],"1":[1],"2":[5,2],"3":[5,3,1],"4":[5,3,2]}}
,"C:\\Users\\user\\Desktop\\graphiql\\graphiql\\graphiql-app\\src\\components\\footer\\Footer.tsx": {"path":"C:\\Users\\user\\Desktop\\graphiql\\graphiql\\graphiql-app\\src\\components\\footer\\Footer.tsx","statementMap":{"0":{"start":{"line":2,"column":0},"end":{"line":2,"column":22}},"1":{"start":{"line":4,"column":19},"end":{"line":44,"column":1}},"2":{"start":{"line":5,"column":2},"end":{"line":43,"column":4}},"3":{"start":{"line":45,"column":0},"end":{"line":45,"column":22}}},"fnMap":{"0":{"name":"(anonymous_0)","decl":{"start":{"line":4,"column":19},"end":{"line":4,"column":22}},"loc":{"start":{"line":4,"column":24},"end":{"line":44,"column":1}}}},"branchMap":{},"s":{"0":1,"1":1,"2":2,"3":1},"f":{"0":2},"b":{}}
,"C:\\Users\\user\\Desktop\\graphiql\\graphiql\\graphiql-app\\src\\components\\loader\\Loader.tsx": {"path":"C:\\Users\\user\\Desktop\\graphiql\\graphiql\\graphiql-app\\src\\components\\loader\\Loader.tsx","statementMap":{"0":{"start":{"line":2,"column":0},"end":{"line":2,"column":22}},"1":{"start":{"line":4,"column":19},"end":{"line":10,"column":1}},"2":{"start":{"line":5,"column":2},"end":{"line":9,"column":4}},"3":{"start":{"line":11,"column":0},"end":{"line":11,"column":22}}},"fnMap":{"0":{"name":"(anonymous_0)","decl":{"start":{"line":4,"column":19},"end":{"line":4,"column":22}},"loc":{"start":{"line":4,"column":24},"end":{"line":10,"column":1}}}},"branchMap":{},"s":{"0":1,"1":1,"2":1,"3":1},"f":{"0":1},"b":{}}
,"C:\\Users\\user\\Desktop\\graphiql\\graphiql\\graphiql-app\\src\\components\\localization\\Languages.tsx": {"path":"C:\\Users\\user\\Desktop\\graphiql\\graphiql\\graphiql-app\\src\\components\\localization\\Languages.tsx","statementMap":{"0":{"start":{"line":1,"column":0},"end":{"line":1,"column":37}},"1":{"start":{"line":2,"column":0},"end":{"line":2,"column":25}},"2":{"start":{"line":3,"column":0},"end":{"line":3,"column":61}},"3":{"start":{"line":7,"column":44},"end":{"line":43,"column":1}},"4":{"start":{"line":8,"column":39},"end":{"line":8,"column":52}},"5":{"start":{"line":9,"column":46},"end":{"line":9,"column":70}},"6":{"start":{"line":10,"column":25},"end":{"line":12,"column":3}},"7":{"start":{"line":11,"column":4},"end":{"line":11,"column":39}},"8":{"start":{"line":13,"column":31},"end":{"line":16,"column":3}},"9":{"start":{"line":14,"column":4},"end":{"line":14,"column":37}},"10":{"start":{"line":15,"column":4},"end":{"line":15,"column":29}},"11":{"start":{"line":18,"column":2},"end":{"line":42,"column":4}},"12":{"start":{"line":28,"column":29},"end":{"line":28,"column":55}},"13":{"start":{"line":34,"column":29},"end":{"line":34,"column":55}},"14":{"start":{"line":45,"column":0},"end":{"line":45,"column":31}}},"fnMap":{"0":{"name":"(anonymous_0)","decl":{"start":{"line":7,"column":44},"end":{"line":7,"column":47}},"loc":{"start":{"line":7,"column":49},"end":{"line":43,"column":1}}},"1":{"name":"(anonymous_1)","decl":{"start":{"line":10,"column":25},"end":{"line":10,"column":28}},"loc":{"start":{"line":10,"column":30},"end":{"line":12,"column":3}}},"2":{"name":"(anonymous_2)","decl":{"start":{"line":13,"column":31},"end":{"line":13,"column":32}},"loc":{"start":{"line":13,"column":60},"end":{"line":16,"column":3}}},"3":{"name":"(anonymous_3)","decl":{"start":{"line":28,"column":23},"end":{"line":28,"column":26}},"loc":{"start":{"line":28,"column":29},"end":{"line":28,"column":55}}},"4":{"name":"(anonymous_4)","decl":{"start":{"line":34,"column":23},"end":{"line":34,"column":26}},"loc":{"start":{"line":34,"column":29},"end":{"line":34,"column":55}}}},"branchMap":{"0":{"loc":{"start":{"line":23,"column":7},"end":{"line":39,"column":null}},"type":"binary-expr","locations":[{"start":{"line":23,"column":7},"end":{"line":23,"column":21}},{"start":{"line":24,"column":8},"end":{"line":38,"column":null}}]}},"s":{"0":1,"1":1,"2":1,"3":1,"4":5,"5":5,"6":5,"7":2,"8":5,"9":0,"10":0,"11":5,"12":0,"13":0,"14":1},"f":{"0":5,"1":2,"2":0,"3":0,"4":0},"b":{"0":[5,1]}}
,"C:\\Users\\user\\Desktop\\graphiql\\graphiql\\graphiql-app\\src\\components\\response\\Response.tsx": {"path":"C:\\Users\\user\\Desktop\\graphiql\\graphiql\\graphiql-app\\src\\components\\response\\Response.tsx","statementMap":{"0":{"start":{"line":2,"column":0},"end":{"line":2,"column":24}},"1":{"start":{"line":10,"column":36},"end":{"line":22,"column":1}},"2":{"start":{"line":11,"column":2},"end":{"line":21,"column":4}},"3":{"start":{"line":23,"column":0},"end":{"line":23,"column":24}}},"fnMap":{"0":{"name":"(anonymous_0)","decl":{"start":{"line":10,"column":36},"end":{"line":10,"column":37}},"loc":{"start":{"line":10,"column":74},"end":{"line":22,"column":1}}}},"branchMap":{"0":{"loc":{"start":{"line":13,"column":7},"end":{"line":13,"column":41}},"type":"binary-expr","locations":[{"start":{"line":13,"column":7},"end":{"line":13,"column":16}},{"start":{"line":13,"column":20},"end":{"line":13,"column":41}}]},"1":{"loc":{"start":{"line":14,"column":7},"end":{"line":15,"column":null}},"type":"binary-expr","locations":[{"start":{"line":14,"column":7},"end":{"line":14,"column":17}},{"start":{"line":14,"column":21},"end":{"line":14,"column":29}},{"start":{"line":15,"column":8},"end":{"line":15,"column":55}}]},"2":{"loc":{"start":{"line":17,"column":7},"end":{"line":18,"column":null}},"type":"binary-expr","locations":[{"start":{"line":17,"column":7},"end":{"line":17,"column":17}},{"start":{"line":17,"column":21},"end":{"line":17,"column":30}},{"start":{"line":18,"column":8},"end":{"line":18,"column":54}}]}},"s":{"0":2,"1":2,"2":11,"3":2},"f":{"0":11},"b":{"0":[11,0],"1":[11,11,0],"2":[11,11,11]}}
,"C:\\Users\\user\\Desktop\\graphiql\\graphiql\\graphiql-app\\src\\context\\LanguageProvider.tsx": {"path":"C:\\Users\\user\\Desktop\\graphiql\\graphiql\\graphiql-app\\src\\context\\LanguageProvider.tsx","statementMap":{"0":{"start":{"line":1,"column":0},"end":{"line":1,"column":64}},"1":{"start":{"line":7,"column":0},"end":{"line":7,"column":61}},"2":{"start":{"line":8,"column":0},"end":{"line":8,"column":61}},"3":{"start":{"line":10,"column":27},"end":{"line":16,"column":1}},"4":{"start":{"line":11,"column":18},"end":{"line":11,"column":45}},"5":{"start":{"line":12,"column":2},"end":{"line":14,"column":3}},"6":{"start":{"line":13,"column":4},"end":{"line":13,"column":74}},"7":{"start":{"line":15,"column":2},"end":{"line":15,"column":17}},"8":{"start":{"line":10,"column":13},"end":{"line":10,"column":27}},"9":{"start":{"line":17,"column":13},"end":{"line":19,"column":2}},"10":{"start":{"line":21,"column":52},"end":{"line":38,"column":1}},"11":{"start":{"line":22,"column":34},"end":{"line":22,"column":56}},"12":{"start":{"line":23,"column":53},"end":{"line":26,"column":4}},"13":{"start":{"line":27,"column":25},"end":{"line":29,"column":3}},"14":{"start":{"line":28,"column":4},"end":{"line":28,"column":29}},"15":{"start":{"line":31,"column":2},"end":{"line":37,"column":4}},"16":{"start":{"line":39,"column":0},"end":{"line":39,"column":32}}},"fnMap":{"0":{"name":"(anonymous_0)","decl":{"start":{"line":10,"column":27},"end":{"line":10,"column":52}},"loc":{"start":{"line":10,"column":54},"end":{"line":16,"column":1}}},"1":{"name":"(anonymous_1)","decl":{"start":{"line":21,"column":52},"end":{"line":21,"column":53}},"loc":{"start":{"line":21,"column":69},"end":{"line":38,"column":1}}},"2":{"name":"(anonymous_2)","decl":{"start":{"line":27,"column":25},"end":{"line":27,"column":26}},"loc":{"start":{"line":27,"column":49},"end":{"line":29,"column":3}}}},"branchMap":{"0":{"loc":{"start":{"line":12,"column":2},"end":{"line":14,"column":3}},"type":"if","locations":[{"start":{"line":12,"column":2},"end":{"line":14,"column":3}}]}},"s":{"0":3,"1":3,"2":3,"3":3,"4":14,"5":14,"6":0,"7":14,"8":3,"9":3,"10":3,"11":0,"12":0,"13":0,"14":0,"15":0,"16":3},"f":{"0":14,"1":0,"2":0},"b":{"0":[0]}}
,"C:\\Users\\user\\Desktop\\graphiql\\graphiql\\graphiql-app\\src\\pages\\main\\Main.tsx": {"path":"C:\\Users\\user\\Desktop\\graphiql\\graphiql\\graphiql-app\\src\\pages\\main\\Main.tsx","statementMap":{"0":{"start":{"line":1,"column":0},"end":{"line":1,"column":61}},"1":{"start":{"line":2,"column":0},"end":{"line":2,"column":37}},"2":{"start":{"line":3,"column":0},"end":{"line":3,"column":20}},"3":{"start":{"line":4,"column":0},"end":{"line":4,"column":73}},"4":{"start":{"line":5,"column":0},"end":{"line":5,"column":58}},"5":{"start":{"line":7,"column":0},"end":{"line":7,"column":42}},"6":{"start":{"line":8,"column":0},"end":{"line":8,"column":59}},"7":{"start":{"line":9,"column":0},"end":{"line":9,"column":57}},"8":{"start":{"line":10,"column":0},"end":{"line":10,"column":63}},"9":{"start":{"line":11,"column":0},"end":{"line":11,"column":65}},"10":{"start":{"line":12,"column":0},"end":{"line":12,"column":61}},"11":{"start":{"line":13,"column":0},"end":{"line":13,"column":61}},"12":{"start":{"line":25,"column":23},"end":{"line":309,"column":1}},"13":{"start":{"line":26,"column":19},"end":{"line":26,"column":32}},"14":{"start":{"line":27,"column":37},"end":{"line":27,"column":50}},"15":{"start":{"line":28,"column":33},"end":{"line":30,"column":3}},"16":{"start":{"line":29,"column":4},"end":{"line":29,"column":53}},"17":{"start":{"line":31,"column":35},"end":{"line":34,"column":3}},"18":{"start":{"line":32,"column":17},"end":{"line":32,"column":42}},"19":{"start":{"line":33,"column":4},"end":{"line":33,"column":42}},"20":{"start":{"line":35,"column":34},"end":{"line":35,"column":63}},"21":{"start":{"line":36,"column":28},"end":{"line":37,"column":null}},"22":{"start":{"line":39,"column":36},"end":{"line":40,"column":null}},"23":{"start":{"line":42,"column":32},"end":{"line":43,"column":null}},"24":{"start":{"line":45,"column":34},"end":{"line":46,"column":null}},"25":{"start":{"line":49,"column":30},"end":{"line":50,"column":null}},"26":{"start":{"line":52,"column":36},"end":{"line":52,"column":60}},"27":{"start":{"line":54,"column":52},"end":{"line":54,"column":76}},"28":{"start":{"line":56,"column":4},"end":{"line":56,"column":31}},"29":{"start":{"line":57,"column":54},"end":{"line":57,"column":79}},"30":{"start":{"line":58,"column":44},"end":{"line":58,"column":67}},"31":{"start":{"line":59,"column":40},"end":{"line":59,"column":64}},"32":{"start":{"line":61,"column":21},"end":{"line":61,"column":49}},"33":{"start":{"line":62,"column":27},"end":{"line":62,"column":55}},"34":{"start":{"line":63,"column":23},"end":{"line":63,"column":51}},"35":{"start":{"line":64,"column":21},"end":{"line":64,"column":49}},"36":{"start":{"line":66,"column":26},"end":{"line":78,"column":3}},"37":{"start":{"line":67,"column":4},"end":{"line":67,"column":27}},"38":{"start":{"line":68,"column":4},"end":{"line":68,"column":26}},"39":{"start":{"line":69,"column":4},"end":{"line":69,"column":39}},"40":{"start":{"line":70,"column":4},"end":{"line":70,"column":35}},"41":{"start":{"line":72,"column":4},"end":{"line":74,"column":5}},"42":{"start":{"line":73,"column":6},"end":{"line":73,"column":51}},"43":{"start":{"line":75,"column":4},"end":{"line":77,"column":5}},"44":{"start":{"line":76,"column":6},"end":{"line":76,"column":48}},"45":{"start":{"line":80,"column":24},"end":{"line":92,"column":3}},"46":{"start":{"line":81,"column":4},"end":{"line":81,"column":28}},"47":{"start":{"line":82,"column":4},"end":{"line":82,"column":25}},"48":{"start":{"line":83,"column":4},"end":{"line":83,"column":37}},"49":{"start":{"line":84,"column":4},"end":{"line":84,"column":37}},"50":{"start":{"line":86,"column":4},"end":{"line":88,"column":5}},"51":{"start":{"line":87,"column":6},"end":{"line":87,"column":50}},"52":{"start":{"line":89,"column":4},"end":{"line":91,"column":5}},"53":{"start":{"line":90,"column":6},"end":{"line":90,"column":49}},"54":{"start":{"line":94,"column":30},"end":{"line":114,"column":3}},"55":{"start":{"line":95,"column":4},"end":{"line":95,"column":45}},"56":{"start":{"line":97,"column":4},"end":{"line":113,"column":5}},"57":{"start":{"line":98,"column":6},"end":{"line":100,"column":7}},"58":{"start":{"line":99,"column":8},"end":{"line":99,"column":56}},"59":{"start":{"line":102,"column":6},"end":{"line":104,"column":7}},"60":{"start":{"line":103,"column":8},"end":{"line":103,"column":71}},"61":{"start":{"line":106,"column":6},"end":{"line":108,"column":7}},"62":{"start":{"line":107,"column":8},"end":{"line":107,"column":57}},"63":{"start":{"line":110,"column":6},"end":{"line":112,"column":7}},"64":{"start":{"line":111,"column":8},"end":{"line":111,"column":77}},"65":{"start":{"line":115,"column":28},"end":{"line":120,"column":3}},"66":{"start":{"line":116,"column":18},"end":{"line":116,"column":36}},"67":{"start":{"line":117,"column":4},"end":{"line":117,"column":20}},"68":{"start":{"line":118,"column":4},"end":{"line":118,"column":43}},"69":{"start":{"line":119,"column":4},"end":{"line":119,"column":37}},"70":{"start":{"line":122,"column":32},"end":{"line":129,"column":3}},"71":{"start":{"line":125,"column":18},"end":{"line":125,"column":36}},"72":{"start":{"line":126,"column":4},"end":{"line":126,"column":24}},"73":{"start":{"line":127,"column":4},"end":{"line":127,"column":47}},"74":{"start":{"line":128,"column":4},"end":{"line":128,"column":41}},"75":{"start":{"line":131,"column":30},"end":{"line":138,"column":3}},"76":{"start":{"line":134,"column":18},"end":{"line":134,"column":36}},"77":{"start":{"line":135,"column":4},"end":{"line":135,"column":22}},"78":{"start":{"line":136,"column":4},"end":{"line":136,"column":45}},"79":{"start":{"line":137,"column":4},"end":{"line":137,"column":39}},"80":{"start":{"line":140,"column":29},"end":{"line":145,"column":3}},"81":{"start":{"line":141,"column":18},"end":{"line":141,"column":36}},"82":{"start":{"line":142,"column":4},"end":{"line":142,"column":21}},"83":{"start":{"line":143,"column":4},"end":{"line":143,"column":44}},"84":{"start":{"line":144,"column":4},"end":{"line":144,"column":36}},"85":{"start":{"line":147,"column":23},"end":{"line":182,"column":3}},"86":{"start":{"line":148,"column":4},"end":{"line":148,"column":23}},"87":{"start":{"line":149,"column":4},"end":{"line":181,"column":5}},"88":{"start":{"line":150,"column":55},"end":{"line":150,"column":57}},"89":{"start":{"line":151,"column":6},"end":{"line":157,"column":7}},"90":{"start":{"line":152,"column":29},"end":{"line":152,"column":47}},"91":{"start":{"line":153,"column":8},"end":{"line":156,"column":11}},"92":{"start":{"line":154,"column":31},"end":{"line":154,"column":48}},"93":{"start":{"line":155,"column":10},"end":{"line":155,"column":51}},"94":{"start":{"line":159,"column":22},"end":{"line":169,"column":8}},"95":{"start":{"line":171,"column":19},"end":{"line":171,"column":39}},"96":{"start":{"line":172,"column":6},"end":{"line":172,"column":24}},"97":{"start":{"line":173,"column":6},"end":{"line":173,"column":47}},"98":{"start":{"line":174,"column":6},"end":{"line":174,"column":24}},"99":{"start":{"line":176,"column":6},"end":{"line":176,"column":51}},"100":{"start":{"line":177,"column":6},"end":{"line":177,"column":43}},"101":{"start":{"line":178,"column":6},"end":{"line":178,"column":61}},"102":{"start":{"line":180,"column":6},"end":{"line":180,"column":26}},"103":{"start":{"line":184,"column":29},"end":{"line":188,"column":3}},"104":{"start":{"line":185,"column":4},"end":{"line":185,"column":19}},"105":{"start":{"line":187,"column":4},"end":{"line":187,"column":43}},"106":{"start":{"line":190,"column":2},"end":{"line":308,"column":4}},"107":{"start":{"line":311,"column":0},"end":{"line":311,"column":20}}},"fnMap":{"0":{"name":"(anonymous_0)","decl":{"start":{"line":25,"column":23},"end":{"line":25,"column":26}},"loc":{"start":{"line":25,"column":28},"end":{"line":309,"column":1}}},"1":{"name":"(anonymous_1)","decl":{"start":{"line":28,"column":33},"end":{"line":28,"column":34}},"loc":{"start":{"line":28,"column":70},"end":{"line":30,"column":3}}},"2":{"name":"(anonymous_2)","decl":{"start":{"line":31,"column":35},"end":{"line":31,"column":36}},"loc":{"start":{"line":31,"column":66},"end":{"line":34,"column":3}}},"3":{"name":"(anonymous_3)","decl":{"start":{"line":66,"column":26},"end":{"line":66,"column":29}},"loc":{"start":{"line":66,"column":31},"end":{"line":78,"column":3}}},"4":{"name":"(anonymous_4)","decl":{"start":{"line":80,"column":24},"end":{"line":80,"column":27}},"loc":{"start":{"line":80,"column":29},"end":{"line":92,"column":3}}},"5":{"name":"(anonymous_5)","decl":{"start":{"line":94,"column":30},"end":{"line":94,"column":33}},"loc":{"start":{"line":94,"column":35},"end":{"line":114,"column":3}}},"6":{"name":"(anonymous_6)","decl":{"start":{"line":115,"column":28},"end":{"line":115,"column":29}},"loc":{"start":{"line":115,"column":78},"end":{"line":120,"column":3}}},"7":{"name":"(anonymous_7)","decl":{"start":{"line":122,"column":32},"end":{"line":122,"column":null}},"loc":{"start":{"line":124,"column":12},"end":{"line":129,"column":3}}},"8":{"name":"(anonymous_8)","decl":{"start":{"line":131,"column":30},"end":{"line":131,"column":null}},"loc":{"start":{"line":133,"column":12},"end":{"line":138,"column":3}}},"9":{"name":"(anonymous_9)","decl":{"start":{"line":140,"column":29},"end":{"line":140,"column":30}},"loc":{"start":{"line":140,"column":76},"end":{"line":145,"column":3}}},"10":{"name":"(anonymous_10)","decl":{"start":{"line":147,"column":23},"end":{"line":147,"column":28}},"loc":{"start":{"line":147,"column":34},"end":{"line":182,"column":3}}},"11":{"name":"(anonymous_11)","decl":{"start":{"line":153,"column":29},"end":{"line":153,"column":30}},"loc":{"start":{"line":153,"column":40},"end":{"line":156,"column":9}}},"12":{"name":"(anonymous_12)","decl":{"start":{"line":184,"column":29},"end":{"line":184,"column":32}},"loc":{"start":{"line":184,"column":34},"end":{"line":188,"column":3}}}},"branchMap":{"0":{"loc":{"start":{"line":33,"column":11},"end":{"line":33,"column":41}},"type":"cond-expr","locations":[{"start":{"line":33,"column":18},"end":{"line":33,"column":34}},{"start":{"line":33,"column":37},"end":{"line":33,"column":41}}]},"1":{"loc":{"start":{"line":37,"column":4},"end":{"line":37,"column":43}},"type":"binary-expr","locations":[{"start":{"line":37,"column":4},"end":{"line":37,"column":37}},{"start":{"line":37,"column":41},"end":{"line":37,"column":43}}]},"2":{"loc":{"start":{"line":40,"column":4},"end":{"line":40,"column":47}},"type":"binary-expr","locations":[{"start":{"line":40,"column":4},"end":{"line":40,"column":41}},{"start":{"line":40,"column":45},"end":{"line":40,"column":47}}]},"3":{"loc":{"start":{"line":43,"column":4},"end":{"line":43,"column":45}},"type":"binary-expr","locations":[{"start":{"line":43,"column":4},"end":{"line":43,"column":39}},{"start":{"line":43,"column":43},"end":{"line":43,"column":45}}]},"4":{"loc":{"start":{"line":46,"column":4},"end":{"line":46,"column":48}},"type":"binary-expr","locations":[{"start":{"line":46,"column":4},"end":{"line":46,"column":40}},{"start":{"line":46,"column":44},"end":{"line":46,"column":48}}]},"5":{"loc":{"start":{"line":50,"column":4},"end":{"line":50,"column":44}},"type":"binary-expr","locations":[{"start":{"line":50,"column":4},"end":{"line":50,"column":38}},{"start":{"line":50,"column":42},"end":{"line":50,"column":44}}]},"6":{"loc":{"start":{"line":72,"column":4},"end":{"line":74,"column":5}},"type":"if","locations":[{"start":{"line":72,"column":4},"end":{"line":74,"column":5}}]},"7":{"loc":{"start":{"line":75,"column":4},"end":{"line":77,"column":5}},"type":"if","locations":[{"start":{"line":75,"column":4},"end":{"line":77,"column":5}}]},"8":{"loc":{"start":{"line":86,"column":4},"end":{"line":88,"column":5}},"type":"if","locations":[{"start":{"line":86,"column":4},"end":{"line":88,"column":5}}]},"9":{"loc":{"start":{"line":89,"column":4},"end":{"line":91,"column":5}},"type":"if","locations":[{"start":{"line":89,"column":4},"end":{"line":91,"column":5}}]},"10":{"loc":{"start":{"line":97,"column":4},"end":{"line":113,"column":5}},"type":"if","locations":[{"start":{"line":97,"column":4},"end":{"line":113,"column":5}},{"start":{"line":105,"column":11},"end":{"line":113,"column":5}}]},"11":{"loc":{"start":{"line":98,"column":6},"end":{"line":100,"column":7}},"type":"if","locations":[{"start":{"line":98,"column":6},"end":{"line":100,"column":7}}]},"12":{"loc":{"start":{"line":102,"column":6},"end":{"line":104,"column":7}},"type":"if","locations":[{"start":{"line":102,"column":6},"end":{"line":104,"column":7}}]},"13":{"loc":{"start":{"line":106,"column":6},"end":{"line":108,"column":7}},"type":"if","locations":[{"start":{"line":106,"column":6},"end":{"line":108,"column":7}}]},"14":{"loc":{"start":{"line":110,"column":6},"end":{"line":112,"column":7}},"type":"if","locations":[{"start":{"line":110,"column":6},"end":{"line":112,"column":7}}]},"15":{"loc":{"start":{"line":151,"column":6},"end":{"line":157,"column":7}},"type":"if","locations":[{"start":{"line":151,"column":6},"end":{"line":157,"column":7}}]},"16":{"loc":{"start":{"line":167,"column":21},"end":{"line":167,"column":66}},"type":"cond-expr","locations":[{"start":{"line":167,"column":33},"end":{"line":167,"column":54}},{"start":{"line":167,"column":57},"end":{"line":167,"column":66}}]},"17":{"loc":{"start":{"line":237,"column":9},"end":{"line":237,"column":63}},"type":"binary-expr","locations":[{"start":{"line":237,"column":9},"end":{"line":237,"column":26}},{"start":{"line":237,"column":30},"end":{"line":237,"column":63}}]},"18":{"loc":{"start":{"line":275,"column":27},"end":{"line":275,"column":72}},"type":"cond-expr","locations":[{"start":{"line":275,"column":41},"end":{"line":275,"column":61}},{"start":{"line":275,"column":64},"end":{"line":275,"column":72}}]},"19":{"loc":{"start":{"line":287,"column":27},"end":{"line":287,"column":76}},"type":"cond-expr","locations":[{"start":{"line":287,"column":43},"end":{"line":287,"column":65}},{"start":{"line":287,"column":68},"end":{"line":287,"column":76}}]}},"s":{"0":1,"1":1,"2":1,"3":1,"4":1,"5":1,"6":1,"7":1,"8":1,"9":1,"10":1,"11":1,"12":1,"13":8,"14":8,"15":8,"16":4,"17":8,"18":40,"19":40,"20":8,"21":8,"22":8,"23":8,"24":8,"25":8,"26":8,"27":8,"28":8,"29":8,"30":8,"31":8,"32":8,"33":8,"34":8,"35":8,"36":8,"37":0,"38":0,"39":0,"40":0,"41":0,"42":0,"43":0,"44":0,"45":8,"46":0,"47":0,"48":0,"49":0,"50":0,"51":0,"52":0,"53":0,"54":8,"55":0,"56":0,"57":0,"58":0,"59":0,"60":0,"61":0,"62":0,"63":0,"64":0,"65":8,"66":1,"67":1,"68":1,"69":1,"70":8,"71":1,"72":1,"73":1,"74":1,"75":8,"76":1,"77":1,"78":1,"79":1,"80":8,"81":1,"82":1,"83":1,"84":1,"85":8,"86":0,"87":0,"88":0,"89":0,"90":0,"91":0,"92":0,"93":0,"94":0,"95":0,"96":0,"97":0,"98":0,"99":0,"100":0,"101":0,"102":0,"103":8,"104":0,"105":0,"106":8,"107":1},"f":{"0":8,"1":4,"2":40,"3":0,"4":0,"5":0,"6":1,"7":1,"8":1,"9":1,"10":0,"11":0,"12":0},"b":{"0":[16,24],"1":[8,1],"2":[8,5],"3":[8,7],"4":[8,8],"5":[8,3],"6":[0],"7":[0],"8":[0],"9":[0],"10":[0,0],"11":[0],"12":[0],"13":[0],"14":[0],"15":[0],"16":[0,0],"17":[8,0],"18":[0,8],"19":[8,0]}}
,"C:\\Users\\user\\Desktop\\graphiql\\graphiql\\graphiql-app\\src\\pages\\page_404\\Page_404.tsx": {"path":"C:\\Users\\user\\Desktop\\graphiql\\graphiql\\graphiql-app\\src\\pages\\page_404\\Page_404.tsx","statementMap":{"0":{"start":{"line":3,"column":21},"end":{"line":5,"column":1}},"1":{"start":{"line":4,"column":2},"end":{"line":4,"column":29}},"2":{"start":{"line":6,"column":0},"end":{"line":6,"column":24}}},"fnMap":{"0":{"name":"(anonymous_0)","decl":{"start":{"line":3,"column":21},"end":{"line":3,"column":24}},"loc":{"start":{"line":3,"column":26},"end":{"line":5,"column":1}}}},"branchMap":{},"s":{"0":1,"1":1,"2":1},"f":{"0":1},"b":{}}
,"C:\\Users\\user\\Desktop\\graphiql\\graphiql\\graphiql-app\\src\\pages\\welcome\\Welcome.tsx": {"path":"C:\\Users\\user\\Desktop\\graphiql\\graphiql\\graphiql-app\\src\\pages\\welcome\\Welcome.tsx","statementMap":{"0":{"start":{"line":1,"column":0},"end":{"line":1,"column":61}},"1":{"start":{"line":2,"column":0},"end":{"line":2,"column":23}},"2":{"start":{"line":5,"column":20},"end":{"line":93,"column":1}},"3":{"start":{"line":6,"column":37},"end":{"line":6,"column":50}},"4":{"start":{"line":7,"column":2},"end":{"line":92,"column":4}},"5":{"start":{"line":94,"column":0},"end":{"line":94,"column":23}}},"fnMap":{"0":{"name":"(anonymous_0)","decl":{"start":{"line":5,"column":20},"end":{"line":5,"column":23}},"loc":{"start":{"line":5,"column":25},"end":{"line":93,"column":1}}}},"branchMap":{},"s":{"0":1,"1":1,"2":1,"3":1,"4":1,"5":1},"f":{"0":1},"b":{}}
,"C:\\Users\\user\\Desktop\\graphiql\\graphiql\\graphiql-app\\src\\redux\\endpointSlice.ts": {"path":"C:\\Users\\user\\Desktop\\graphiql\\graphiql\\graphiql-app\\src\\redux\\endpointSlice.ts","statementMap":{"0":{"start":{"line":1,"column":0},"end":{"line":1,"column":47}},"1":{"start":{"line":8,"column":35},"end":{"line":10,"column":2}},"2":{"start":{"line":12,"column":13},"end":{"line":20,"column":3}},"3":{"start":{"line":17,"column":6},"end":{"line":17,"column":36}},"4":{"start":{"line":22,"column":15},"end":{"line":22,"column":56}},"5":{"start":{"line":23,"column":0},"end":{"line":23,"column":37}}},"fnMap":{"0":{"name":"(anonymous_0)","decl":{"start":{"line":16,"column":4},"end":{"line":16,"column":18}},"loc":{"start":{"line":16,"column":55},"end":{"line":18,"column":5}}}},"branchMap":{},"s":{"0":1,"1":1,"2":1,"3":1,"4":1,"5":1},"f":{"0":1},"b":{}}
,"C:\\Users\\user\\Desktop\\graphiql\\graphiql\\graphiql-app\\src\\redux\\headersSlice.ts": {"path":"C:\\Users\\user\\Desktop\\graphiql\\graphiql\\graphiql-app\\src\\redux\\headersSlice.ts","statementMap":{"0":{"start":{"line":1,"column":0},"end":{"line":1,"column":47}},"1":{"start":{"line":8,"column":35},"end":{"line":10,"column":2}},"2":{"start":{"line":12,"column":13},"end":{"line":20,"column":3}},"3":{"start":{"line":17,"column":6},"end":{"line":17,"column":44}},"4":{"start":{"line":22,"column":15},"end":{"line":22,"column":58}},"5":{"start":{"line":23,"column":0},"end":{"line":23,"column":36}}},"fnMap":{"0":{"name":"(anonymous_0)","decl":{"start":{"line":16,"column":4},"end":{"line":16,"column":21}},"loc":{"start":{"line":16,"column":58},"end":{"line":18,"column":5}}}},"branchMap":{},"s":{"0":1,"1":1,"2":1,"3":1,"4":1,"5":1},"f":{"0":1},"b":{}}
,"C:\\Users\\user\\Desktop\\graphiql\\graphiql\\graphiql-app\\src\\redux\\querySlice.ts": {"path":"C:\\Users\\user\\Desktop\\graphiql\\graphiql\\graphiql-app\\src\\redux\\querySlice.ts","statementMap":{"0":{"start":{"line":1,"column":0},"end":{"line":1,"column":47}},"1":{"start":{"line":8,"column":35},"end":{"line":10,"column":2}},"2":{"start":{"line":12,"column":13},"end":{"line":20,"column":3}},"3":{"start":{"line":17,"column":6},"end":{"line":17,"column":42}},"4":{"start":{"line":22,"column":15},"end":{"line":22,"column":54}},"5":{"start":{"line":23,"column":0},"end":{"line":23,"column":34}}},"fnMap":{"0":{"name":"(anonymous_0)","decl":{"start":{"line":16,"column":4},"end":{"line":16,"column":19}},"loc":{"start":{"line":16,"column":56},"end":{"line":18,"column":5}}}},"branchMap":{},"s":{"0":1,"1":1,"2":1,"3":1,"4":1,"5":1},"f":{"0":1},"b":{}}
,"C:\\Users\\user\\Desktop\\graphiql\\graphiql\\graphiql-app\\src\\redux\\responseSlice.ts": {"path":"C:\\Users\\user\\Desktop\\graphiql\\graphiql\\graphiql-app\\src\\redux\\responseSlice.ts","statementMap":{"0":{"start":{"line":1,"column":0},"end":{"line":1,"column":47}},"1":{"start":{"line":8,"column":35},"end":{"line":10,"column":2}},"2":{"start":{"line":12,"column":13},"end":{"line":20,"column":3}},"3":{"start":{"line":17,"column":6},"end":{"line":17,"column":45}},"4":{"start":{"line":22,"column":15},"end":{"line":22,"column":57}},"5":{"start":{"line":23,"column":0},"end":{"line":23,"column":34}}},"fnMap":{"0":{"name":"(anonymous_0)","decl":{"start":{"line":16,"column":4},"end":{"line":16,"column":22}},"loc":{"start":{"line":16,"column":66},"end":{"line":18,"column":5}}}},"branchMap":{},"s":{"0":1,"1":1,"2":1,"3":0,"4":1,"5":1},"f":{"0":0},"b":{}}
,"C:\\Users\\user\\Desktop\\graphiql\\graphiql\\graphiql-app\\src\\redux\\store.ts": {"path":"C:\\Users\\user\\Desktop\\graphiql\\graphiql\\graphiql-app\\src\\redux\\store.ts","statementMap":{"0":{"start":{"line":1,"column":0},"end":{"line":1,"column":50}},"1":{"start":{"line":2,"column":0},"end":{"line":2,"column":44}},"2":{"start":{"line":3,"column":0},"end":{"line":3,"column":38}},"3":{"start":{"line":4,"column":0},"end":{"line":4,"column":44}},"4":{"start":{"line":5,"column":0},"end":{"line":5,"column":46}},"5":{"start":{"line":6,"column":0},"end":{"line":6,"column":42}},"6":{"start":{"line":8,"column":13},"end":{"line":16,"column":3}}},"fnMap":{},"branchMap":{},"s":{"0":1,"1":1,"2":1,"3":1,"4":1,"5":1,"6":1},"f":{},"b":{}}
,"C:\\Users\\user\\Desktop\\graphiql\\graphiql\\graphiql-app\\src\\redux\\variablesSlice.ts": {"path":"C:\\Users\\user\\Desktop\\graphiql\\graphiql\\graphiql-app\\src\\redux\\variablesSlice.ts","statementMap":{"0":{"start":{"line":1,"column":0},"end":{"line":1,"column":47}},"1":{"start":{"line":8,"column":35},"end":{"line":10,"column":2}},"2":{"start":{"line":12,"column":13},"end":{"line":20,"column":3}},"3":{"start":{"line":17,"column":6},"end":{"line":17,"column":46}},"4":{"start":{"line":22,"column":15},"end":{"line":22,"column":62}},"5":{"start":{"line":23,"column":0},"end":{"line":23,"column":38}}},"fnMap":{"0":{"name":"(anonymous_0)","decl":{"start":{"line":16,"column":4},"end":{"line":16,"column":23}},"loc":{"start":{"line":16,"column":60},"end":{"line":18,"column":5}}}},"branchMap":{},"s":{"0":1,"1":1,"2":1,"3":1,"4":1,"5":1},"f":{"0":1},"b":{}}
}
