TN:
SF:src\components\documentation\Documentation.tsx
FN:8,(anonymous_0)
FN:13,(anonymous_1)
FN:16,(anonymous_2)
FN:60,(anonymous_3)
FNF:4
FNH:3
FNDA:5,(anonymous_0)
FNDA:2,(anonymous_1)
FNDA:2,(anonymous_2)
FNDA:0,(anonymous_3)
DA:1,2
DA:2,2
DA:8,2
DA:9,5
DA:10,5
DA:11,5
DA:13,5
DA:14,2
DA:15,2
DA:16,2
DA:17,2
DA:18,2
DA:36,1
DA:37,1
DA:40,0
DA:41,0
DA:42,0
DA:44,2
DA:45,2
DA:47,2
DA:50,2
DA:54,5
DA:61,0
DA:66,2
LF:24
LH:20
BRDA:15,0,0,2
BRDA:36,1,0,1
BRDA:56,2,0,5
BRDA:56,2,1,2
BRDA:57,3,0,5
BRDA:57,3,1,3
BRDA:57,3,2,1
BRDA:58,4,0,5
BRDA:58,4,1,3
BRDA:58,4,2,2
BRF:10
BRH:10
end_of_record
TN:
SF:src\components\footer\Footer.tsx
FN:4,(anonymous_0)
FNF:1
FNH:1
FNDA:2,(anonymous_0)
DA:2,1
DA:4,1
DA:5,2
DA:45,1
LF:4
LH:4
BRF:0
BRH:0
end_of_record
TN:
SF:src\components\loader\Loader.tsx
FN:4,(anonymous_0)
FNF:1
FNH:1
FNDA:1,(anonymous_0)
DA:2,1
DA:4,1
DA:5,1
DA:11,1
LF:4
LH:4
BRF:0
BRH:0
end_of_record
TN:
SF:src\components\localization\Languages.tsx
FN:7,(anonymous_0)
FN:10,(anonymous_1)
FN:13,(anonymous_2)
FN:28,(anonymous_3)
FN:34,(anonymous_4)
FNF:5
FNH:2
FNDA:5,(anonymous_0)
FNDA:2,(anonymous_1)
FNDA:0,(anonymous_2)
FNDA:0,(anonymous_3)
FNDA:0,(anonymous_4)
DA:1,1
DA:2,1
DA:3,1
DA:7,1
DA:8,5
DA:9,5
DA:10,5
DA:11,2
DA:13,5
DA:14,0
DA:15,0
DA:18,5
DA:28,0
DA:34,0
DA:45,1
LF:15
LH:11
BRDA:23,0,0,5
BRDA:23,0,1,1
BRF:2
BRH:2
end_of_record
TN:
SF:src\components\response\Response.tsx
FN:10,(anonymous_0)
FNF:1
FNH:1
FNDA:11,(anonymous_0)
DA:2,2
DA:10,2
DA:11,11
DA:23,2
LF:4
LH:4
BRDA:13,0,0,11
BRDA:13,0,1,0
BRDA:14,1,0,11
BRDA:14,1,1,11
BRDA:14,1,2,0
BRDA:17,2,0,11
BRDA:17,2,1,11
BRDA:17,2,2,11
BRF:8
BRH:6
end_of_record
TN:
SF:src\context\LanguageProvider.tsx
FN:10,(anonymous_0)
FN:21,(anonymous_1)
FN:27,(anonymous_2)
FNF:3
FNH:1
FNDA:14,(anonymous_0)
FNDA:0,(anonymous_1)
FNDA:0,(anonymous_2)
DA:1,3
DA:7,3
DA:8,3
DA:10,3
DA:11,14
DA:12,14
DA:13,0
DA:15,14
DA:17,3
DA:21,3
DA:22,0
DA:23,0
DA:27,0
DA:28,0
DA:31,0
DA:39,3
LF:16
LH:10
BRDA:12,0,0,0
BRF:1
BRH:0
end_of_record
TN:
SF:src\pages\main\Main.tsx
FN:25,(anonymous_0)
FN:28,(anonymous_1)
FN:31,(anonymous_2)
FN:66,(anonymous_3)
FN:80,(anonymous_4)
FN:94,(anonymous_5)
FN:115,(anonymous_6)
FN:122,(anonymous_7)
FN:131,(anonymous_8)
FN:140,(anonymous_9)
FN:147,(anonymous_10)
FN:153,(anonymous_11)
FN:184,(anonymous_12)
FNF:13
FNH:7
FNDA:8,(anonymous_0)
FNDA:4,(anonymous_1)
FNDA:40,(anonymous_2)
FNDA:0,(anonymous_3)
FNDA:0,(anonymous_4)
FNDA:0,(anonymous_5)
FNDA:1,(anonymous_6)
FNDA:1,(anonymous_7)
FNDA:1,(anonymous_8)
FNDA:1,(anonymous_9)
FNDA:0,(anonymous_10)
FNDA:0,(anonymous_11)
FNDA:0,(anonymous_12)
DA:1,1
DA:2,1
DA:3,1
DA:4,1
DA:5,1
DA:7,1
DA:8,1
DA:9,1
DA:10,1
DA:11,1
DA:12,1
DA:13,1
DA:25,1
DA:26,8
DA:27,8
DA:28,8
DA:29,4
DA:31,8
DA:32,40
DA:33,40
DA:35,8
DA:36,8
DA:39,8
DA:42,8
DA:45,8
DA:49,8
DA:52,8
DA:54,8
DA:56,8
DA:57,8
DA:58,8
DA:59,8
DA:61,8
DA:62,8
DA:63,8
DA:64,8
DA:66,8
DA:67,0
DA:68,0
DA:69,0
DA:70,0
DA:72,0
DA:73,0
DA:75,0
DA:76,0
DA:80,8
DA:81,0
DA:82,0
DA:83,0
DA:84,0
DA:86,0
DA:87,0
DA:89,0
DA:90,0
DA:94,8
DA:95,0
DA:97,0
DA:98,0
DA:99,0
DA:102,0
DA:103,0
DA:106,0
DA:107,0
DA:110,0
DA:111,0
DA:115,8
DA:116,1
DA:117,1
DA:118,1
DA:119,1
DA:122,8
DA:125,1
DA:126,1
DA:127,1
DA:128,1
DA:131,8
DA:134,1
DA:135,1
DA:136,1
DA:137,1
DA:140,8
DA:141,1
DA:142,1
DA:143,1
DA:144,1
DA:147,8
DA:148,0
DA:149,0
DA:150,0
DA:151,0
DA:152,0
DA:153,0
DA:154,0
DA:155,0
DA:159,0
DA:171,0
DA:172,0
DA:173,0
DA:174,0
DA:176,0
DA:177,0
DA:178,0
DA:180,0
DA:184,8
DA:185,0
DA:187,0
DA:190,8
DA:311,1
LF:108
LH:63
BRDA:33,0,0,16
BRDA:33,0,1,24
BRDA:37,1,0,8
BRDA:37,1,1,1
BRDA:40,2,0,8
BRDA:40,2,1,5
BRDA:43,3,0,8
BRDA:43,3,1,7
BRDA:46,4,0,8
BRDA:46,4,1,8
BRDA:50,5,0,8
BRDA:50,5,1,3
BRDA:72,6,0,0
BRDA:75,7,0,0
BRDA:86,8,0,0
BRDA:89,9,0,0
BRDA:97,10,0,0
BRDA:97,10,1,0
BRDA:98,11,0,0
BRDA:102,12,0,0
BRDA:106,13,0,0
BRDA:110,14,0,0
BRDA:151,15,0,0
BRDA:167,16,0,0
BRDA:167,16,1,0
BRDA:237,17,0,8
BRDA:237,17,1,0
BRDA:275,18,0,0
BRDA:275,18,1,8
BRDA:287,19,0,8
BRDA:287,19,1,0
BRF:31
BRH:15
end_of_record
TN:
SF:src\pages\page_404\Page_404.tsx
FN:3,(anonymous_0)
FNF:1
FNH:1
FNDA:1,(anonymous_0)
DA:3,1
DA:4,1
DA:6,1
LF:3
LH:3
BRF:0
BRH:0
end_of_record
TN:
SF:src\pages\welcome\Welcome.tsx
FN:5,(anonymous_0)
FNF:1
FNH:1
FNDA:1,(anonymous_0)
DA:1,1
DA:2,1
DA:5,1
DA:6,1
DA:7,1
DA:94,1
LF:6
LH:6
BRF:0
BRH:0
end_of_record
TN:
SF:src\redux\endpointSlice.ts
FN:16,(anonymous_0)
FNF:1
FNH:1
FNDA:1,(anonymous_0)
DA:1,1
DA:8,1
DA:12,1
DA:17,1
DA:22,1
DA:23,1
LF:6
LH:6
BRF:0
BRH:0
end_of_record
TN:
SF:src\redux\headersSlice.ts
FN:16,(anonymous_0)
FNF:1
FNH:1
FNDA:1,(anonymous_0)
DA:1,1
DA:8,1
DA:12,1
DA:17,1
DA:22,1
DA:23,1
LF:6
LH:6
BRF:0
BRH:0
end_of_record
TN:
SF:src\redux\querySlice.ts
FN:16,(anonymous_0)
FNF:1
FNH:1
FNDA:1,(anonymous_0)
DA:1,1
DA:8,1
DA:12,1
DA:17,1
DA:22,1
DA:23,1
LF:6
LH:6
BRF:0
BRH:0
end_of_record
TN:
SF:src\redux\responseSlice.ts
FN:16,(anonymous_0)
FNF:1
FNH:0
FNDA:0,(anonymous_0)
DA:1,1
DA:8,1
DA:12,1
DA:17,0
DA:22,1
DA:23,1
LF:6
LH:5
BRF:0
BRH:0
end_of_record
TN:
SF:src\redux\store.ts
FNF:0
FNH:0
DA:1,1
DA:2,1
DA:3,1
DA:4,1
DA:5,1
DA:6,1
DA:8,1
LF:7
LH:7
BRF:0
BRH:0
end_of_record
TN:
SF:src\redux\variablesSlice.ts
FN:16,(anonymous_0)
FNF:1
FNH:1
FNDA:1,(anonymous_0)
DA:1,1
DA:8,1
DA:12,1
DA:17,1
DA:22,1
DA:23,1
LF:6
LH:6
BRF:0
BRH:0
end_of_record
